# JRE version: OpenJDK Runtime Environment Temurin-17.0.8.1+1 (17.0.8.1+1) (build 17.0.8.1+1)
# Java VM: OpenJDK 64-Bit Server VM Temurin-17.0.8.1+1 (17.0.8.1+1, mixed mode, tiered, compressed oops, compressed class ptrs, parallel gc, windows-amd64)
GC Precious Log:
 CPUs: 12 total, 12 available
 Memory: 22380M
 Large Page Support: Disabled
 NUMA Support: Disabled
 Compressed Oops: Enabled (32-bit)
 Alignments: Space 512K, Generation 512K, Heap 2M
 Heap Min Capacity: 100M
 Heap Initial Capacity: 100M
 Heap Max Capacity: 1G
 Pre-touch: Disabled
 Parallel Workers: 10
Heap:
 PSYoungGen      total 64000K, used 33704K [0x00000000eab00000, 0x00000000efc80000, 0x0000000100000000)
  eden space 47616K, 39% used [0x00000000eab00000,0x00000000ebd71948,0x00000000ed980000)
  from space 16384K, 90% used [0x00000000ed980000,0x00000000ee7f87d8,0x00000000ee980000)
  to   space 15872K, 0% used [0x00000000eed00000,0x00000000eed00000,0x00000000efc80000)
 ParOldGen       total 580096K, used 534701K [0x00000000c0000000, 0x00000000e3680000, 0x00000000eab00000)
  object space 580096K, 92% used [0x00000000c0000000,0x00000000e0a2b760,0x00000000e3680000)
 Metaspace       used 87922K, committed 89472K, reserved 1179648K
  class space    used 9022K, committed 9728K, reserved 1048576K
GC Heap History (20 events):
Event: 1434.589 GC heap before
{Heap before GC invocations=640 (full 27):
 PSYoungGen      total 46080K, used 45883K [0x00000000eab00000, 0x00000000eec00000, 0x0000000100000000)
  eden space 33280K, 100% used [0x00000000eab00000,0x00000000ecb80000,0x00000000ecb80000)
  from space 12800K, 98% used [0x00000000edf80000,0x00000000eebcef98,0x00000000eec00000)
  to   space 15872K, 0% used [0x00000000ecd00000,0x00000000ecd00000,0x00000000edc80000)
 ParOldGen       total 477696K, used 444895K [0x00000000c0000000, 0x00000000dd280000, 0x00000000eab00000)
  object space 477696K, 93% used [0x00000000c0000000,0x00000000db277e90,0x00000000dd280000)
 Metaspace       used 87902K, committed 89472K, reserved 1179648K
  class space    used 9021K, committed 9728K, reserved 1048576K
}
Event: 1434.596 GC heap after
{Heap after GC invocations=640 (full 27):
 PSYoungGen      total 50688K, used 15863K [0x00000000eab00000, 0x00000000ef780000, 0x0000000100000000)
  eden space 34816K, 0% used [0x00000000eab00000,0x00000000eab00000,0x00000000ecd00000)
  from space 15872K, 99% used [0x00000000ecd00000,0x00000000edc7dca8,0x00000000edc80000)
  to   space 20992K, 0% used [0x00000000ee300000,0x00000000ee300000,0x00000000ef780000)
 ParOldGen       total 477696K, used 448385K [0x00000000c0000000, 0x00000000dd280000, 0x00000000eab00000)
  object space 477696K, 93% used [0x00000000c0000000,0x00000000db5e06d8,0x00000000dd280000)
 Metaspace       used 87902K, committed 89472K, reserved 1179648K
  class space    used 9021K, committed 9728K, reserved 1048576K
}
Event: 1434.671 GC heap before
{Heap before GC invocations=641 (full 27):
 PSYoungGen      total 50688K, used 50679K [0x00000000eab00000, 0x00000000ef780000, 0x0000000100000000)
  eden space 34816K, 100% used [0x00000000eab00000,0x00000000ecd00000,0x00000000ecd00000)
  from space 15872K, 99% used [0x00000000ecd00000,0x00000000edc7dca8,0x00000000edc80000)
  to   space 20992K, 0% used [0x00000000ee300000,0x00000000ee300000,0x00000000ef780000)
 ParOldGen       total 477696K, used 448385K [0x00000000c0000000, 0x00000000dd280000, 0x00000000eab00000)
  object space 477696K, 93% used [0x00000000c0000000,0x00000000db5e06d8,0x00000000dd280000)
 Metaspace       used 87904K, committed 89472K, reserved 1179648K
  class space    used 9021K, committed 9728K, reserved 1048576K
}
Event: 1434.682 GC heap after
{Heap after GC invocations=641 (full 27):
 PSYoungGen      total 50688K, used 12055K [0x00000000eab00000, 0x00000000eef00000, 0x0000000100000000)
  eden space 38400K, 0% used [0x00000000eab00000,0x00000000eab00000,0x00000000ed080000)
  from space 12288K, 98% used [0x00000000ee300000,0x00000000eeec5ff0,0x00000000eef00000)
  to   space 14848K, 0% used [0x00000000ed200000,0x00000000ed200000,0x00000000ee080000)
 ParOldGen       total 477696K, used 459844K [0x00000000c0000000, 0x00000000dd280000, 0x00000000eab00000)
  object space 477696K, 96% used [0x00000000c0000000,0x00000000dc111148,0x00000000dd280000)
 Metaspace       used 87904K, committed 89472K, reserved 1179648K
  class space    used 9021K, committed 9728K, reserved 1048576K
}
Event: 1434.762 GC heap before
{Heap before GC invocations=642 (full 27):
 PSYoungGen      total 50688K, used 50455K [0x00000000eab00000, 0x00000000eef00000, 0x0000000100000000)
  eden space 38400K, 100% used [0x00000000eab00000,0x00000000ed080000,0x00000000ed080000)
  from space 12288K, 98% used [0x00000000ee300000,0x00000000eeec5ff0,0x00000000eef00000)
  to   space 14848K, 0% used [0x00000000ed200000,0x00000000ed200000,0x00000000ee080000)
 ParOldGen       total 477696K, used 459844K [0x00000000c0000000, 0x00000000dd280000, 0x00000000eab00000)
  object space 477696K, 96% used [0x00000000c0000000,0x00000000dc111148,0x00000000dd280000)
 Metaspace       used 87904K, committed 89472K, reserved 1179648K
  class space    used 9021K, committed 9728K, reserved 1048576K
}
Event: 1434.769 GC heap after
{Heap after GC invocations=642 (full 27):
 PSYoungGen      total 54784K, used 14830K [0x00000000eab00000, 0x00000000eff00000, 0x0000000100000000)
  eden space 39936K, 0% used [0x00000000eab00000,0x00000000eab00000,0x00000000ed200000)
  from space 14848K, 99% used [0x00000000ed200000,0x00000000ee07b920,0x00000000ee080000)
  to   space 22016K, 0% used [0x00000000ee980000,0x00000000ee980000,0x00000000eff00000)
 ParOldGen       total 477696K, used 465170K [0x00000000c0000000, 0x00000000dd280000, 0x00000000eab00000)
  object space 477696K, 97% used [0x00000000c0000000,0x00000000dc644a30,0x00000000dd280000)
 Metaspace       used 87904K, committed 89472K, reserved 1179648K
  class space    used 9021K, committed 9728K, reserved 1048576K
}
Event: 1434.843 GC heap before
{Heap before GC invocations=643 (full 27):
 PSYoungGen      total 54784K, used 54766K [0x00000000eab00000, 0x00000000eff00000, 0x0000000100000000)
  eden space 39936K, 100% used [0x00000000eab00000,0x00000000ed200000,0x00000000ed200000)
  from space 14848K, 99% used [0x00000000ed200000,0x00000000ee07b920,0x00000000ee080000)
  to   space 22016K, 0% used [0x00000000ee980000,0x00000000ee980000,0x00000000eff00000)
 ParOldGen       total 477696K, used 465170K [0x00000000c0000000, 0x00000000dd280000, 0x00000000eab00000)
  object space 477696K, 97% used [0x00000000c0000000,0x00000000dc644a30,0x00000000dd280000)
 Metaspace       used 87904K, committed 89472K, reserved 1179648K
  class space    used 9021K, committed 9728K, reserved 1048576K
}
Event: 1434.853 GC heap after
{Heap after GC invocations=643 (full 27):
 PSYoungGen      total 58368K, used 13984K [0x00000000eab00000, 0x00000000ef780000, 0x0000000100000000)
  eden space 44032K, 0% used [0x00000000eab00000,0x00000000eab00000,0x00000000ed600000)
  from space 14336K, 97% used [0x00000000ee980000,0x00000000ef7282c8,0x00000000ef780000)
  to   space 16384K, 0% used [0x00000000ed780000,0x00000000ed780000,0x00000000ee780000)
 ParOldGen       total 477696K, used 474394K [0x00000000c0000000, 0x00000000dd280000, 0x00000000eab00000)
  object space 477696K, 99% used [0x00000000c0000000,0x00000000dcf46808,0x00000000dd280000)
 Metaspace       used 87904K, committed 89472K, reserved 1179648K
  class space    used 9021K, committed 9728K, reserved 1048576K
}
Event: 1434.853 GC heap before
{Heap before GC invocations=644 (full 28):
 PSYoungGen      total 58368K, used 13984K [0x00000000eab00000, 0x00000000ef780000, 0x0000000100000000)
  eden space 44032K, 0% used [0x00000000eab00000,0x00000000eab00000,0x00000000ed600000)
  from space 14336K, 97% used [0x00000000ee980000,0x00000000ef7282c8,0x00000000ef780000)
  to   space 16384K, 0% used [0x00000000ed780000,0x00000000ed780000,0x00000000ee780000)
 ParOldGen       total 477696K, used 474394K [0x00000000c0000000, 0x00000000dd280000, 0x00000000eab00000)
  object space 477696K, 99% used [0x00000000c0000000,0x00000000dcf46808,0x00000000dd280000)
 Metaspace       used 87904K, committed 89472K, reserved 1179648K
  class space    used 9021K, committed 9728K, reserved 1048576K
}
Event: 1435.098 GC heap after
{Heap after GC invocations=644 (full 28):
 PSYoungGen      total 61952K, used 4520K [0x00000000eab00000, 0x00000000efa00000, 0x0000000100000000)
  eden space 47616K, 0% used [0x00000000eab00000,0x00000000eab00000,0x00000000ed980000)
  from space 14336K, 31% used [0x00000000ee980000,0x00000000eedea0b0,0x00000000ef780000)
  to   space 16384K, 0% used [0x00000000ed980000,0x00000000ed980000,0x00000000ee980000)
 ParOldGen       total 580096K, used 477598K [0x00000000c0000000, 0x00000000e3680000, 0x00000000eab00000)
  object space 580096K, 82% used [0x00000000c0000000,0x00000000dd267bc0,0x00000000e3680000)
 Metaspace       used 87904K, committed 89472K, reserved 1179648K
  class space    used 9021K, committed 9728K, reserved 1048576K
}
Event: 1435.192 GC heap before
{Heap before GC invocations=645 (full 28):
 PSYoungGen      total 61952K, used 52136K [0x00000000eab00000, 0x00000000efa00000, 0x0000000100000000)
  eden space 47616K, 100% used [0x00000000eab00000,0x00000000ed980000,0x00000000ed980000)
  from space 14336K, 31% used [0x00000000ee980000,0x00000000eedea0b0,0x00000000ef780000)
  to   space 16384K, 0% used [0x00000000ed980000,0x00000000ed980000,0x00000000ee980000)
 ParOldGen       total 580096K, used 477598K [0x00000000c0000000, 0x00000000e3680000, 0x00000000eab00000)
  object space 580096K, 82% used [0x00000000c0000000,0x00000000dd267bc0,0x00000000e3680000)
 Metaspace       used 87904K, committed 89472K, reserved 1179648K
  class space    used 9021K, committed 9728K, reserved 1048576K
}
Event: 1435.210 GC heap after
{Heap after GC invocations=645 (full 28):
 PSYoungGen      total 64000K, used 15293K [0x00000000eab00000, 0x00000000efc80000, 0x0000000100000000)
  eden space 47616K, 0% used [0x00000000eab00000,0x00000000eab00000,0x00000000ed980000)
  from space 16384K, 93% used [0x00000000ed980000,0x00000000ee86f658,0x00000000ee980000)
  to   space 15872K, 0% used [0x00000000eed00000,0x00000000eed00000,0x00000000efc80000)
 ParOldGen       total 580096K, used 477598K [0x00000000c0000000, 0x00000000e3680000, 0x00000000eab00000)
  object space 580096K, 82% used [0x00000000c0000000,0x00000000dd267bc0,0x00000000e3680000)
 Metaspace       used 87904K, committed 89472K, reserved 1179648K
  class space    used 9021K, committed 9728K, reserved 1048576K
}
Event: 1435.316 GC heap before
{Heap before GC invocations=646 (full 28):
 PSYoungGen      total 64000K, used 62908K [0x00000000eab00000, 0x00000000efc80000, 0x0000000100000000)
  eden space 47616K, 99% used [0x00000000eab00000,0x00000000ed97fa68,0x00000000ed980000)
  from space 16384K, 93% used [0x00000000ed980000,0x00000000ee86f658,0x00000000ee980000)
  to   space 15872K, 0% used [0x00000000eed00000,0x00000000eed00000,0x00000000efc80000)
 ParOldGen       total 580096K, used 477598K [0x00000000c0000000, 0x00000000e3680000, 0x00000000eab00000)
  object space 580096K, 82% used [0x00000000c0000000,0x00000000dd267bc0,0x00000000e3680000)
 Metaspace       used 87909K, committed 89472K, reserved 1179648K
  class space    used 9022K, committed 9728K, reserved 1048576K
}
Event: 1435.325 GC heap after
{Heap after GC invocations=646 (full 28):
 PSYoungGen      total 63488K, used 15857K [0x00000000eab00000, 0x00000000efc80000, 0x0000000100000000)
  eden space 47616K, 0% used [0x00000000eab00000,0x00000000eab00000,0x00000000ed980000)
  from space 15872K, 99% used [0x00000000eed00000,0x00000000efc7c788,0x00000000efc80000)
  to   space 16384K, 0% used [0x00000000ed980000,0x00000000ed980000,0x00000000ee980000)
 ParOldGen       total 580096K, used 487971K [0x00000000c0000000, 0x00000000e3680000, 0x00000000eab00000)
  object space 580096K, 84% used [0x00000000c0000000,0x00000000ddc88cf0,0x00000000e3680000)
 Metaspace       used 87909K, committed 89472K, reserved 1179648K
  class space    used 9022K, committed 9728K, reserved 1048576K
}
Event: 1435.404 GC heap before
{Heap before GC invocations=647 (full 28):
 PSYoungGen      total 63488K, used 63473K [0x00000000eab00000, 0x00000000efc80000, 0x0000000100000000)
  eden space 47616K, 100% used [0x00000000eab00000,0x00000000ed980000,0x00000000ed980000)
  from space 15872K, 99% used [0x00000000eed00000,0x00000000efc7c788,0x00000000efc80000)
  to   space 16384K, 0% used [0x00000000ed980000,0x00000000ed980000,0x00000000ee980000)
 ParOldGen       total 580096K, used 487971K [0x00000000c0000000, 0x00000000e3680000, 0x00000000eab00000)
  object space 580096K, 84% used [0x00000000c0000000,0x00000000ddc88cf0,0x00000000e3680000)
 Metaspace       used 87909K, committed 89472K, reserved 1179648K
  class space    used 9022K, committed 9728K, reserved 1048576K
}
Event: 1435.414 GC heap after
{Heap after GC invocations=647 (full 28):
 PSYoungGen      total 64000K, used 16355K [0x00000000eab00000, 0x00000000efc80000, 0x0000000100000000)
  eden space 47616K, 0% used [0x00000000eab00000,0x00000000eab00000,0x00000000ed980000)
  from space 16384K, 99% used [0x00000000ed980000,0x00000000ee978d60,0x00000000ee980000)
  to   space 15872K, 0% used [0x00000000eed00000,0x00000000eed00000,0x00000000efc80000)
 ParOldGen       total 580096K, used 501565K [0x00000000c0000000, 0x00000000e3680000, 0x00000000eab00000)
  object space 580096K, 86% used [0x00000000c0000000,0x00000000de9cf7f8,0x00000000e3680000)
 Metaspace       used 87909K, committed 89472K, reserved 1179648K
  class space    used 9022K, committed 9728K, reserved 1048576K
}
Event: 1435.449 GC heap before
{Heap before GC invocations=648 (full 28):
 PSYoungGen      total 64000K, used 63971K [0x00000000eab00000, 0x00000000efc80000, 0x0000000100000000)
  eden space 47616K, 100% used [0x00000000eab00000,0x00000000ed980000,0x00000000ed980000)
  from space 16384K, 99% used [0x00000000ed980000,0x00000000ee978d60,0x00000000ee980000)
  to   space 15872K, 0% used [0x00000000eed00000,0x00000000eed00000,0x00000000efc80000)
 ParOldGen       total 580096K, used 501565K [0x00000000c0000000, 0x00000000e3680000, 0x00000000eab00000)
  object space 580096K, 86% used [0x00000000c0000000,0x00000000de9cf7f8,0x00000000e3680000)
 Metaspace       used 87912K, committed 89472K, reserved 1179648K
  class space    used 9022K, committed 9728K, reserved 1048576K
}
Event: 1435.459 GC heap after
{Heap after GC invocations=648 (full 28):
 PSYoungGen      total 63488K, used 15870K [0x00000000eab00000, 0x00000000efc80000, 0x0000000100000000)
  eden space 47616K, 0% used [0x00000000eab00000,0x00000000eab00000,0x00000000ed980000)
  from space 15872K, 99% used [0x00000000eed00000,0x00000000efc7f938,0x00000000efc80000)
  to   space 16384K, 0% used [0x00000000ed980000,0x00000000ed980000,0x00000000ee980000)
 ParOldGen       total 580096K, used 519110K [0x00000000c0000000, 0x00000000e3680000, 0x00000000eab00000)
  object space 580096K, 89% used [0x00000000c0000000,0x00000000dfaf1bf0,0x00000000e3680000)
 Metaspace       used 87912K, committed 89472K, reserved 1179648K
  class space    used 9022K, committed 9728K, reserved 1048576K
}
Event: 1435.647 GC heap before
{Heap before GC invocations=649 (full 28):
 PSYoungGen      total 63488K, used 63486K [0x00000000eab00000, 0x00000000efc80000, 0x0000000100000000)
  eden space 47616K, 100% used [0x00000000eab00000,0x00000000ed980000,0x00000000ed980000)
  from space 15872K, 99% used [0x00000000eed00000,0x00000000efc7f938,0x00000000efc80000)
  to   space 16384K, 0% used [0x00000000ed980000,0x00000000ed980000,0x00000000ee980000)
 ParOldGen       total 580096K, used 519110K [0x00000000c0000000, 0x00000000e3680000, 0x00000000eab00000)
  object space 580096K, 89% used [0x00000000c0000000,0x00000000dfaf1bf0,0x00000000e3680000)
 Metaspace       used 87919K, committed 89472K, reserved 1179648K
  class space    used 9022K, committed 9728K, reserved 1048576K
}
Event: 1435.657 GC heap after
{Heap after GC invocations=649 (full 28):
 PSYoungGen      total 64000K, used 14817K [0x00000000eab00000, 0x00000000efc80000, 0x0000000100000000)
  eden space 47616K, 0% used [0x00000000eab00000,0x00000000eab00000,0x00000000ed980000)
  from space 16384K, 90% used [0x00000000ed980000,0x00000000ee7f87d8,0x00000000ee980000)
  to   space 15872K, 0% used [0x00000000eed00000,0x00000000eed00000,0x00000000efc80000)
 ParOldGen       total 580096K, used 534701K [0x00000000c0000000, 0x00000000e3680000, 0x00000000eab00000)
  object space 580096K, 92% used [0x00000000c0000000,0x00000000e0a2b760,0x00000000e3680000)
 Metaspace       used 87919K, committed 89472K, reserved 1179648K
  class space    used 9022K, committed 9728K, reserved 1048576K
}

